[Tue May 19 05:18:47 2026] PHP 8.3.6 Development Server (http://localhost:8080) started
[Tue May 19 05:19:42 2026] [::1]:47796 Accepted
[Tue May 19 05:19:42 2026] [::1]:47796 [200]: GET /index.php
[Tue May 19 05:19:42 2026] [::1]:47796 Closing
[Tue May 19 05:19:42 2026] [::1]:47800 Accepted
[Tue May 19 05:19:42 2026] [::1]:47812 Accepted
[Tue May 19 05:19:42 2026] [::1]:47814 Accepted
[Tue May 19 05:19:42 2026] [::1]:47800 [200]: GET /AI/guide-widget.css?v=1779167880
[Tue May 19 05:19:42 2026] [::1]:47800 Closing
[Tue May 19 05:19:42 2026] [::1]:47812 [200]: GET /data.js?v=1779167880
[Tue May 19 05:19:42 2026] [::1]:47814 [200]: GET /app.js?v=1779167880
[Tue May 19 05:19:42 2026] [::1]:47812 Closing
[Tue May 19 05:19:42 2026] [::1]:47814 Closing
[Tue May 19 05:19:43 2026] [::1]:47826 Accepted
[Tue May 19 05:19:43 2026] [::1]:47826 [200]: GET /AI/guide-widget.js?v=1779167880
[Tue May 19 05:19:43 2026] [::1]:47826 Closing
[Tue May 19 05:19:44 2026] [::1]:47834 Accepted
[Tue May 19 05:19:44 2026] [::1]:47834 [200]: GET /edit/uploads/1777173612_WhatsAppImage20260426at09.59.27.jpeg
[Tue May 19 05:19:44 2026] [::1]:47834 Closing
[Tue May 19 05:19:49 2026] [::1]:59168 Accepted
[Tue May 19 05:19:49 2026] [::1]:59170 Accepted
[Tue May 19 05:19:49 2026] [::1]:59172 Accepted
[Tue May 19 05:19:49 2026] [::1]:59168 [200]: GET /edit/uploads/1777173742_CertificateLPIAEPTDarmapage0001.jpg
[Tue May 19 05:19:49 2026] [::1]:59170 [200]: GET /edit/uploads/1777173973_DarmaAlifRakhaaCFTpage0001.jpg
[Tue May 19 05:19:49 2026] [::1]:59172 [200]: GET /edit/uploads/1777174029_ENpage0001.jpg
[Tue May 19 05:19:49 2026] [::1]:59168 Closing
[Tue May 19 05:19:49 2026] [::1]:59172 Closing
[Tue May 19 05:19:49 2026] [::1]:59170 Closing
[Tue May 19 05:19:49 2026] [::1]:59174 Accepted
[Tue May 19 05:19:49 2026] [::1]:59174 [200]: GET /edit/uploads/1777175013_sertifikattoefeldarmaalifrakhaapage0001.jpg
[Tue May 19 05:19:49 2026] [::1]:59174 Closing
[Tue May 19 05:19:49 2026] [::1]:59182 Accepted
[Tue May 19 05:19:49 2026] [::1]:59188 Accepted
[Tue May 19 05:19:49 2026] [::1]:59182 [200]: GET /edit/uploads/1777174476_AnalisisAktivitasRadioisotopremovedpage0001.jpg
[Tue May 19 05:19:49 2026] [::1]:59188 [200]: GET /edit/uploads/1777565632_Screenshot20260430230724.png
[Tue May 19 05:19:49 2026] [::1]:59182 Closing
[Tue May 19 05:19:49 2026] [::1]:59188 Closing
